<?xml version="1.0" encoding="UTF-8"?>
<!-- Generated by org.testng.reporters.JUnitReportReporter -->
<testsuite hostname="vijay" failures="0" tests="1" name="testRunners.TestRunnerTestNG" time="3.337" errors="0" timestamp="2024-09-30T11:41:23 IST" skipped="0">
  <testcase classname="testRunners.TestRunnerTestNG" name="runScenario" time="3.337"/>
</testsuite> <!-- testRunners.TestRunnerTestNG -->
